#
# There is insufficient memory for the Java Runtime Environment to continue.
# Native memory allocation (malloc) failed to allocate 1439536 bytes for Chunk::new
# Possible reasons:
#   The system is out of physical RAM or swap space
#   The process is running with CompressedOops enabled, and the Java Heap may be blocking the growth of the native heap
# Possible solutions:
#   Reduce memory load on the system
#   Increase physical memory or swap space
#   Check if swap backing store is full
#   Decrease Java heap size (-Xmx/-Xms)
#   Decrease number of Java threads
#   Decrease Java thread stack sizes (-Xss)
#   Set larger code cache with -XX:ReservedCodeCacheSize=
#   JVM is running with Unscaled Compressed Oops mode in which the Java heap is
#     placed in the first 4GB address space. The Java Heap base address is the
#     maximum limit for the native heap growth. Please use -XX:HeapBaseMinAddress
#     to set the Java Heap base and to place the Java Heap above 4GB virtual address.
# This output file may be truncated or incomplete.
#
#  Out of Memory Error (arena.cpp:189), pid=7480, tid=16212
#
# JRE version: Java(TM) SE Runtime Environment (17.0.5+9) (build 17.0.5+9-LTS-191)
# Java VM: Java HotSpot(TM) 64-Bit Server VM (17.0.5+9-LTS-191, mixed mode, sharing, tiered, compressed oops, compressed class ptrs, g1 gc, windows-amd64)
# No core dump will be written. Minidumps are not enabled by default on client versions of Windows
#

---------------  S U M M A R Y ------------

Command Line: --enable-native-access=ALL-UNNAMED -Dclassworlds.conf=C:\Users\USER\.m2\wrapper\dists\apache-maven-3.9.11\03d7e36a140982eea48e22c1dcac01d8862b2550b2939e09a0809bbc5182a5bc\bin\m2.conf -Dmaven.home=C:\Users\USER\.m2\wrapper\dists\apache-maven-3.9.11\03d7e36a140982eea48e22c1dcac01d8862b2550b2939e09a0809bbc5182a5bc -Dlibrary.jansi.path=C:\Users\USER\.m2\wrapper\dists\apache-maven-3.9.11\03d7e36a140982eea48e22c1dcac01d8862b2550b2939e09a0809bbc5182a5bc\lib\jansi-native -Dmaven.multiModuleProjectDirectory=G:\GCCI Project\ChurchSoft_Backend org.codehaus.plexus.classworlds.launcher.Launcher clean package -DskipTests

Host: Intel(R) Core(TM) i5-10210U CPU @ 1.60GHz, 8 cores, 7G,  Windows 11 , 64 bit Build 26100 (10.0.26100.6725)
Time: Mon Oct 27 18:32:09 2025 Greenwich Standard Time elapsed time: 11.992077 seconds (0d 0h 0m 11s)

---------------  T H R E A D  ---------------

Current thread (0x0000011ff1103200):  JavaThread "C2 CompilerThread2" daemon [_thread_in_native, id=16212, stack(0x0000001922000000,0x0000001922100000)]


Current CompileTask:
C2:  11992 10437   !   4       com.google.inject.spi.InjectionPoint::getInjectionPoints (489 bytes)

Stack: [0x0000001922000000,0x0000001922100000]
Native frames: (J=compiled Java code, j=interpreted, Vv=VM code, C=native code)
V  [jvm.dll+0x672eea]
V  [jvm.dll+0x7d2a04]
V  [jvm.dll+0x7d41ae]
V  [jvm.dll+0x7d4813]
V  [jvm.dll+0x242c15]
V  [jvm.dll+0xaa57b]
V  [jvm.dll+0xaab0c]
V  [jvm.dll+0x35ff42]
V  [jvm.dll+0x1b9902]
V  [jvm.dll+0x215e19]
V  [jvm.dll+0x2150e1]
V  [jvm.dll+0x1a18ed]
V  [jvm.dll+0x22493a]
V  [jvm.dll+0x222aa5]
V  [jvm.dll+0x7885db]
V  [jvm.dll+0x782b4a]
V  [jvm.dll+0x671d75]
C  [ucrtbase.dll+0x37b0]
C  [KERNEL32.DLL+0x2e8d7]
C  [ntdll.dll+0x8c53c]


---------------  P R O C E S S  ---------------

Threads class SMR info:
_java_thread_list=0x0000011ff5429710, length=15, elements={
0x0000011fcfa65a80, 0x0000011feda368a0, 0x0000011feda37360, 0x0000011feda4a530,
0x0000011feda4ce00, 0x0000011feda4d6c0, 0x0000011feda4df80, 0x0000011feda50b80,
0x0000011feda51480, 0x0000011feda53d90, 0x0000011fee4fd1d0, 0x0000011fee507ee0,
0x0000011fef72b040, 0x0000011ff11028e0, 0x0000011ff1103200
}

Java Threads: ( => current thread )
  0x0000011fcfa65a80 JavaThread "main" [_thread_in_Java, id=9620, stack(0x0000001920c00000,0x0000001920d00000)]
  0x0000011feda368a0 JavaThread "Reference Handler" daemon [_thread_blocked, id=12692, stack(0x0000001921300000,0x0000001921400000)]
  0x0000011feda37360 JavaThread "Finalizer" daemon [_thread_blocked, id=10680, stack(0x0000001921400000,0x0000001921500000)]
  0x0000011feda4a530 JavaThread "Signal Dispatcher" daemon [_thread_blocked, id=15608, stack(0x0000001921500000,0x0000001921600000)]
  0x0000011feda4ce00 JavaThread "Attach Listener" daemon [_thread_blocked, id=512, stack(0x0000001921600000,0x0000001921700000)]
  0x0000011feda4d6c0 JavaThread "Service Thread" daemon [_thread_blocked, id=10052, stack(0x0000001921700000,0x0000001921800000)]
  0x0000011feda4df80 JavaThread "Monitor Deflation Thread" daemon [_thread_blocked, id=4996, stack(0x0000001921800000,0x0000001921900000)]
  0x0000011feda50b80 JavaThread "C2 CompilerThread0" daemon [_thread_in_native, id=15736, stack(0x0000001921900000,0x0000001921a00000)]
  0x0000011feda51480 JavaThread "C1 CompilerThread0" daemon [_thread_blocked, id=15400, stack(0x0000001921a00000,0x0000001921b00000)]
  0x0000011feda53d90 JavaThread "Sweeper thread" daemon [_thread_in_vm, id=12372, stack(0x0000001921b00000,0x0000001921c00000)]
  0x0000011fee4fd1d0 JavaThread "Notification Thread" daemon [_thread_blocked, id=12704, stack(0x0000001921c00000,0x0000001921d00000)]
  0x0000011fee507ee0 JavaThread "Common-Cleaner" daemon [_thread_blocked, id=6552, stack(0x0000001921e00000,0x0000001921f00000)]
  0x0000011fef72b040 JavaThread "Thread-1" daemon [_thread_blocked, id=15584, stack(0x0000001922800000,0x0000001922900000)]
  0x0000011ff11028e0 JavaThread "C2 CompilerThread1" daemon [_thread_blocked, id=17484, stack(0x0000001921f00000,0x0000001922000000)]
=>0x0000011ff1103200 JavaThread "C2 CompilerThread2" daemon [_thread_in_native, id=16212, stack(0x0000001922000000,0x0000001922100000)]

Other Threads:
  0x0000011feda31250 VMThread "VM Thread" [stack: 0x0000001921200000,0x0000001921300000] [id=1892]
  0x0000011fcfae3ef0 WatcherThread [stack: 0x0000001921d00000,0x0000001921e00000] [id=14540]
  0x0000011fcfac06b0 GCTaskThread "GC Thread#0" [stack: 0x0000001920d00000,0x0000001920e00000] [id=8100]
  0x0000011fef020e50 GCTaskThread "GC Thread#1" [stack: 0x0000001922100000,0x0000001922200000] [id=15516]
  0x0000011feee47750 GCTaskThread "GC Thread#2" [stack: 0x0000001922200000,0x0000001922300000] [id=9792]
  0x0000011feeacfb50 GCTaskThread "GC Thread#3" [stack: 0x0000001922300000,0x0000001922400000] [id=14040]
  0x0000011feeefe860 GCTaskThread "GC Thread#4" [stack: 0x0000001922400000,0x0000001922500000] [id=8348]
  0x0000011feef02b20 GCTaskThread "GC Thread#5" [stack: 0x0000001922500000,0x0000001922600000] [id=2780]
  0x0000011feef02dd0 GCTaskThread "GC Thread#6" [stack: 0x0000001922600000,0x0000001922700000] [id=15544]
  0x0000011fef88c190 GCTaskThread "GC Thread#7" [stack: 0x0000001922700000,0x0000001922800000] [id=12148]
  0x0000011fcfad0dc0 ConcurrentGCThread "G1 Main Marker" [stack: 0x0000001920e00000,0x0000001920f00000] [id=10544]
  0x0000011fcfad33c0 ConcurrentGCThread "G1 Conc#0" [stack: 0x0000001920f00000,0x0000001921000000] [id=17416]
  0x0000011fef9fad50 ConcurrentGCThread "G1 Conc#1" [stack: 0x0000001922900000,0x0000001922a00000] [id=15552]
  0x0000011fcfb26ae0 ConcurrentGCThread "G1 Refine#0" [stack: 0x0000001921000000,0x0000001921100000] [id=14008]
  0x0000011ff108fad0 ConcurrentGCThread "G1 Refine#1" [stack: 0x0000001922a00000,0x0000001922b00000] [id=1920]
  0x0000011fee731540 ConcurrentGCThread "G1 Refine#2" [stack: 0x0000001922b00000,0x0000001922c00000] [id=7312]
  0x0000011ff2911520 ConcurrentGCThread "G1 Refine#3" [stack: 0x0000001922c00000,0x0000001922d00000] [id=9360]
  0x0000011ff2910f60 ConcurrentGCThread "G1 Refine#4" [stack: 0x0000001922d00000,0x0000001922e00000] [id=12744]
  0x0000011ff29109a0 ConcurrentGCThread "G1 Refine#5" [stack: 0x0000001922e00000,0x0000001922f00000] [id=13196]
  0x0000011fcfb276b0 ConcurrentGCThread "G1 Service" [stack: 0x0000001921100000,0x0000001921200000] [id=9276]

Threads with active compile tasks:
C2 CompilerThread0    12029 10768   !   4       sun.nio.cs.StreamDecoder::read (196 bytes)
C2 CompilerThread2    12029 10437   !   4       com.google.inject.spi.InjectionPoint::getInjectionPoints (489 bytes)

VM state: not at safepoint (normal execution)

VM Mutex/Monitor currently owned by a thread: None

Heap address: 0x0000000083a00000, size: 1990 MB, Compressed Oops mode: 32-bit

CDS archive(s) mapped at: [0x0000000800000000-0x0000000800bd0000-0x0000000800bd0000), size 12386304, SharedBaseAddress: 0x0000000800000000, ArchiveRelocationMode: 0.
Compressed class space mapped at: 0x0000000800c00000-0x0000000840c00000, reserved size: 1073741824
Narrow klass base: 0x0000000800000000, Narrow klass shift: 0, Narrow klass range: 0x100000000

GC Precious Log:
 CPUs: 8 total, 8 available
 Memory: 7952M
 Large Page Support: Disabled
 NUMA Support: Disabled
 Compressed Oops: Enabled (32-bit)
 Heap Region Size: 1M
 Heap Min Capacity: 8M
 Heap Initial Capacity: 126M
 Heap Max Capacity: 1990M
 Pre-touch: Disabled
 Parallel Workers: 8
 Concurrent Workers: 2
 Concurrent Refinement Workers: 8
 Periodic GC: Disabled

Heap:
 garbage-first heap   total 224256K, used 115548K [0x0000000083a00000, 0x0000000100000000)
  region size 1024K, 8 young (8192K), 4 survivors (4096K)
 Metaspace       used 34976K, committed 36224K, reserved 1089536K
  class space    used 3930K, committed 4288K, reserved 1048576K

Heap Regions: E=young(eden), S=young(survivor), O=old, HS=humongous(starts), HC=humongous(continues), CS=collection set, F=free, OA=open archive, CA=closed archive, TAMS=top-at-mark-start (previous, next)
|   0|0x0000000083a00000, 0x0000000083b00000, 0x0000000083b00000|100%| O|  |TAMS 0x0000000083b00000, 0x0000000083a00000| Untracked 
|   1|0x0000000083b00000, 0x0000000083c00000, 0x0000000083c00000|100%| O|  |TAMS 0x0000000083c00000, 0x0000000083b00000| Untracked 
|   2|0x0000000083c00000, 0x0000000083d00000, 0x0000000083d00000|100%| O|  |TAMS 0x0000000083d00000, 0x0000000083c00000| Untracked 
|   3|0x0000000083d00000, 0x0000000083e00000, 0x0000000083e00000|100%| O|  |TAMS 0x0000000083e00000, 0x0000000083d00000| Untracked 
|   4|0x0000000083e00000, 0x0000000083f00000, 0x0000000083f00000|100%| O|  |TAMS 0x0000000083f00000, 0x0000000083e00000| Untracked 
|   5|0x0000000083f00000, 0x0000000084000000, 0x0000000084000000|100%| O|  |TAMS 0x0000000084000000, 0x0000000083f00000| Untracked 
|   6|0x0000000084000000, 0x0000000084100000, 0x0000000084100000|100%| O|  |TAMS 0x0000000084100000, 0x0000000084000000| Untracked 
|   7|0x0000000084100000, 0x0000000084200000, 0x0000000084200000|100%| O|  |TAMS 0x0000000084200000, 0x0000000084100000| Untracked 
|   8|0x0000000084200000, 0x0000000084300000, 0x0000000084300000|100%| O|  |TAMS 0x0000000084300000, 0x0000000084200000| Untracked 
|   9|0x0000000084300000, 0x0000000084400000, 0x0000000084400000|100%| O|  |TAMS 0x0000000084400000, 0x0000000084300000| Untracked 
|  10|0x0000000084400000, 0x0000000084500000, 0x0000000084500000|100%| O|  |TAMS 0x0000000084500000, 0x0000000084400000| Untracked 
|  11|0x0000000084500000, 0x0000000084600000, 0x0000000084600000|100%| O|  |TAMS 0x0000000084600000, 0x0000000084500000| Untracked 
|  12|0x0000000084600000, 0x0000000084700000, 0x0000000084700000|100%| O|  |TAMS 0x0000000084700000, 0x0000000084600000| Untracked 
|  13|0x0000000084700000, 0x0000000084800000, 0x0000000084800000|100%| O|  |TAMS 0x0000000084800000, 0x0000000084700000| Untracked 
|  14|0x0000000084800000, 0x0000000084900000, 0x0000000084900000|100%| O|  |TAMS 0x0000000084900000, 0x0000000084800000| Untracked 
|  15|0x0000000084900000, 0x0000000084a00000, 0x0000000084a00000|100%|HS|  |TAMS 0x0000000084a00000, 0x0000000084900000| Complete 
|  16|0x0000000084a00000, 0x0000000084b00000, 0x0000000084b00000|100%|HC|  |TAMS 0x0000000084b00000, 0x0000000084a00000| Complete 
|  17|0x0000000084b00000, 0x0000000084c00000, 0x0000000084c00000|100%|HS|  |TAMS 0x0000000084c00000, 0x0000000084b00000| Complete 
|  18|0x0000000084c00000, 0x0000000084d00000, 0x0000000084d00000|100%| O|  |TAMS 0x0000000084d00000, 0x0000000084c00000| Untracked 
|  19|0x0000000084d00000, 0x0000000084e00000, 0x0000000084e00000|100%| O|  |TAMS 0x0000000084e00000, 0x0000000084d00000| Complete 
|  20|0x0000000084e00000, 0x0000000084f00000, 0x0000000084f00000|100%| O|  |TAMS 0x0000000084f00000, 0x0000000084e00000| Untracked 
|  21|0x0000000084f00000, 0x0000000085000000, 0x0000000085000000|100%| O|  |TAMS 0x0000000085000000, 0x0000000084f00000| Untracked 
|  22|0x0000000085000000, 0x0000000085100000, 0x0000000085100000|100%| O|  |TAMS 0x0000000085100000, 0x0000000085000000| Untracked 
|  23|0x0000000085100000, 0x0000000085200000, 0x0000000085200000|100%| O|  |TAMS 0x0000000085200000, 0x0000000085100000| Untracked 
|  24|0x0000000085200000, 0x0000000085300000, 0x0000000085300000|100%| O|  |TAMS 0x0000000085300000, 0x0000000085200000| Untracked 
|  25|0x0000000085300000, 0x0000000085400000, 0x0000000085400000|100%| O|  |TAMS 0x0000000085400000, 0x0000000085300000| Untracked 
|  26|0x0000000085400000, 0x0000000085500000, 0x0000000085500000|100%| O|  |TAMS 0x0000000085500000, 0x0000000085400000| Untracked 
|  27|0x0000000085500000, 0x0000000085600000, 0x0000000085600000|100%| O|  |TAMS 0x0000000085600000, 0x0000000085500000| Complete 
|  28|0x0000000085600000, 0x0000000085700000, 0x0000000085700000|100%| O|  |TAMS 0x0000000085700000, 0x0000000085600000| Complete 
|  29|0x0000000085700000, 0x0000000085800000, 0x0000000085800000|100%| O|  |TAMS 0x0000000085800000, 0x0000000085700000| Complete 
|  30|0x0000000085800000, 0x0000000085800000, 0x0000000085900000|  0%| F|  |TAMS 0x0000000085800000, 0x0000000085800000| Untracked 
|  31|0x0000000085900000, 0x0000000085a00000, 0x0000000085a00000|100%| O|  |TAMS 0x0000000085a00000, 0x0000000085900000| Complete 
|  32|0x0000000085a00000, 0x0000000085b00000, 0x0000000085b00000|100%| O|  |TAMS 0x0000000085b00000, 0x0000000085a00000| Complete 
|  33|0x0000000085b00000, 0x0000000085c00000, 0x0000000085c00000|100%| O|  |TAMS 0x0000000085c00000, 0x0000000085b00000| Untracked 
|  34|0x0000000085c00000, 0x0000000085d00000, 0x0000000085d00000|100%| O|  |TAMS 0x0000000085d00000, 0x0000000085c00000| Complete 
|  35|0x0000000085d00000, 0x0000000085e00000, 0x0000000085e00000|100%| O|  |TAMS 0x0000000085e00000, 0x0000000085d00000| Complete 
|  36|0x0000000085e00000, 0x0000000085f00000, 0x0000000085f00000|100%| O|  |TAMS 0x0000000085f00000, 0x0000000085e00000| Untracked 
|  37|0x0000000085f00000, 0x0000000086000000, 0x0000000086000000|100%| O|  |TAMS 0x0000000086000000, 0x0000000085f00000| Untracked 
|  38|0x0000000086000000, 0x0000000086100000, 0x0000000086100000|100%| O|  |TAMS 0x0000000086100000, 0x0000000086000000| Untracked 
|  39|0x0000000086100000, 0x0000000086200000, 0x0000000086200000|100%| O|  |TAMS 0x0000000086200000, 0x0000000086100000| Complete 
|  40|0x0000000086200000, 0x0000000086300000, 0x0000000086300000|100%| O|  |TAMS 0x0000000086300000, 0x0000000086200000| Complete 
|  41|0x0000000086300000, 0x0000000086400000, 0x0000000086400000|100%| O|  |TAMS 0x0000000086400000, 0x0000000086300000| Complete 
|  42|0x0000000086400000, 0x0000000086500000, 0x0000000086500000|100%| O|  |TAMS 0x0000000086500000, 0x0000000086400000| Complete 
|  43|0x0000000086500000, 0x0000000086600000, 0x0000000086600000|100%| O|  |TAMS 0x0000000086600000, 0x0000000086500000| Complete 
|  44|0x0000000086600000, 0x0000000086700000, 0x0000000086700000|100%| O|  |TAMS 0x0000000086700000, 0x0000000086600000| Complete 
|  45|0x0000000086700000, 0x0000000086800000, 0x0000000086800000|100%| O|  |TAMS 0x0000000086800000, 0x0000000086700000| Complete 
|  46|0x0000000086800000, 0x0000000086900000, 0x0000000086900000|100%| O|  |TAMS 0x0000000086900000, 0x0000000086800000| Complete 
|  47|0x0000000086900000, 0x0000000086a00000, 0x0000000086a00000|100%| O|  |TAMS 0x0000000086a00000, 0x0000000086900000| Complete 
|  48|0x0000000086a00000, 0x0000000086b00000, 0x0000000086b00000|100%| O|  |TAMS 0x0000000086b00000, 0x0000000086a00000| Complete 
|  49|0x0000000086b00000, 0x0000000086b00000, 0x0000000086c00000|  0%| F|  |TAMS 0x0000000086b00000, 0x0000000086b00000| Untracked 
|  50|0x0000000086c00000, 0x0000000086d00000, 0x0000000086d00000|100%| O|  |TAMS 0x0000000086d00000, 0x0000000086c00000| Complete 
|  51|0x0000000086d00000, 0x0000000086e00000, 0x0000000086e00000|100%|HS|  |TAMS 0x0000000086e00000, 0x0000000086d00000| Complete 
|  52|0x0000000086e00000, 0x0000000086f00000, 0x0000000086f00000|100%|HC|  |TAMS 0x0000000086f00000, 0x0000000086e00000| Complete 
|  53|0x0000000086f00000, 0x0000000087000000, 0x0000000087000000|100%|HC|  |TAMS 0x0000000087000000, 0x0000000086f00000| Complete 
|  54|0x0000000087000000, 0x0000000087100000, 0x0000000087100000|100%|HS|  |TAMS 0x0000000087100000, 0x0000000087000000| Complete 
|  55|0x0000000087100000, 0x0000000087200000, 0x0000000087200000|100%|HC|  |TAMS 0x0000000087200000, 0x0000000087100000| Complete 
|  56|0x0000000087200000, 0x0000000087300000, 0x0000000087300000|100%|HS|  |TAMS 0x0000000087300000, 0x0000000087200000| Complete 
|  57|0x0000000087300000, 0x0000000087400000, 0x0000000087400000|100%|HS|  |TAMS 0x0000000087400000, 0x0000000087300000| Complete 
|  58|0x0000000087400000, 0x0000000087500000, 0x0000000087500000|100%| O|  |TAMS 0x0000000087500000, 0x0000000087400000| Complete 
|  59|0x0000000087500000, 0x0000000087600000, 0x0000000087600000|100%| O|  |TAMS 0x0000000087600000, 0x0000000087500000| Untracked 
|  60|0x0000000087600000, 0x0000000087700000, 0x0000000087700000|100%| O|  |TAMS 0x0000000087700000, 0x0000000087600000| Untracked 
|  61|0x0000000087700000, 0x0000000087800000, 0x0000000087800000|100%| O|  |TAMS 0x0000000087800000, 0x0000000087700000| Complete 
|  62|0x0000000087800000, 0x0000000087900000, 0x0000000087900000|100%| O|  |TAMS 0x0000000087900000, 0x0000000087800000| Complete 
|  63|0x0000000087900000, 0x0000000087a00000, 0x0000000087a00000|100%| O|  |TAMS 0x0000000087a00000, 0x0000000087900000| Complete 
|  64|0x0000000087a00000, 0x0000000087b00000, 0x0000000087b00000|100%| O|  |TAMS 0x0000000087b00000, 0x0000000087a00000| Complete 
|  65|0x0000000087b00000, 0x0000000087c00000, 0x0000000087c00000|100%| O|  |TAMS 0x0000000087c00000, 0x0000000087b00000| Complete 
|  66|0x0000000087c00000, 0x0000000087d00000, 0x0000000087d00000|100%| O|  |TAMS 0x0000000087d00000, 0x0000000087c00000| Complete 
|  67|0x0000000087d00000, 0x0000000087e00000, 0x0000000087e00000|100%| O|  |TAMS 0x0000000087e00000, 0x0000000087d00000| Complete 
|  68|0x0000000087e00000, 0x0000000087f00000, 0x0000000087f00000|100%| O|  |TAMS 0x0000000087f00000, 0x0000000087e00000| Complete 
|  69|0x0000000087f00000, 0x0000000088000000, 0x0000000088000000|100%| O|  |TAMS 0x0000000088000000, 0x0000000087f00000| Complete 
|  70|0x0000000088000000, 0x0000000088100000, 0x0000000088100000|100%| O|  |TAMS 0x0000000088100000, 0x0000000088000000| Untracked 
|  71|0x0000000088100000, 0x0000000088200000, 0x0000000088200000|100%| O|  |TAMS 0x0000000088200000, 0x0000000088100000| Complete 
|  72|0x0000000088200000, 0x0000000088300000, 0x0000000088300000|100%| O|  |TAMS 0x0000000088300000, 0x0000000088200000| Complete 
|  73|0x0000000088300000, 0x0000000088400000, 0x0000000088400000|100%|HS|  |TAMS 0x0000000088400000, 0x0000000088300000| Complete 
|  74|0x0000000088400000, 0x0000000088500000, 0x0000000088500000|100%|HC|  |TAMS 0x0000000088500000, 0x0000000088400000| Complete 
|  75|0x0000000088500000, 0x0000000088600000, 0x0000000088600000|100%| O|  |TAMS 0x0000000088600000, 0x0000000088500000| Untracked 
|  76|0x0000000088600000, 0x0000000088700000, 0x0000000088700000|100%| O|  |TAMS 0x0000000088700000, 0x0000000088600000| Untracked 
|  77|0x0000000088700000, 0x0000000088800000, 0x0000000088800000|100%| O|  |TAMS 0x0000000088800000, 0x0000000088700000| Untracked 
|  78|0x0000000088800000, 0x0000000088900000, 0x0000000088900000|100%| O|  |TAMS 0x0000000088900000, 0x0000000088800000| Untracked 
|  79|0x0000000088900000, 0x0000000088a00000, 0x0000000088a00000|100%| O|  |TAMS 0x0000000088a00000, 0x0000000088900000| Untracked 
|  80|0x0000000088a00000, 0x0000000088b00000, 0x0000000088b00000|100%| O|  |TAMS 0x0000000088b00000, 0x0000000088a00000| Complete 
|  81|0x0000000088b00000, 0x0000000088c00000, 0x0000000088c00000|100%|HS|  |TAMS 0x0000000088c00000, 0x0000000088b00000| Complete 
|  82|0x0000000088c00000, 0x0000000088d00000, 0x0000000088d00000|100%|HC|  |TAMS 0x0000000088d00000, 0x0000000088c00000| Complete 
|  83|0x0000000088d00000, 0x0000000088e00000, 0x0000000088e00000|100%|HS|  |TAMS 0x0000000088e00000, 0x0000000088d00000| Complete 
|  84|0x0000000088e00000, 0x0000000088f00000, 0x0000000088f00000|100%|HC|  |TAMS 0x0000000088f00000, 0x0000000088e00000| Complete 
|  85|0x0000000088f00000, 0x0000000089000000, 0x0000000089000000|100%|HS|  |TAMS 0x0000000089000000, 0x0000000088f00000| Complete 
|  86|0x0000000089000000, 0x0000000089100000, 0x0000000089100000|100%|HC|  |TAMS 0x0000000089100000, 0x0000000089000000| Complete 
|  87|0x0000000089100000, 0x0000000089200000, 0x0000000089200000|100%|HS|  |TAMS 0x0000000089200000, 0x0000000089100000| Complete 
|  88|0x0000000089200000, 0x0000000089300000, 0x0000000089300000|100%|HC|  |TAMS 0x0000000089300000, 0x0000000089200000| Complete 
|  89|0x0000000089300000, 0x0000000089400000, 0x0000000089400000|100%|HS|  |TAMS 0x0000000089400000, 0x0000000089300000| Complete 
|  90|0x0000000089400000, 0x0000000089500000, 0x0000000089500000|100%|HC|  |TAMS 0x0000000089500000, 0x0000000089400000| Complete 
|  91|0x0000000089500000, 0x0000000089600000, 0x0000000089600000|100%|HS|  |TAMS 0x0000000089600000, 0x0000000089500000| Complete 
|  92|0x0000000089600000, 0x0000000089700000, 0x0000000089700000|100%|HC|  |TAMS 0x0000000089700000, 0x0000000089600000| Complete 
|  93|0x0000000089700000, 0x0000000089800000, 0x0000000089800000|100%|HS|  |TAMS 0x0000000089800000, 0x0000000089700000| Complete 
|  94|0x0000000089800000, 0x0000000089900000, 0x0000000089900000|100%|HC|  |TAMS 0x0000000089900000, 0x0000000089800000| Complete 
|  95|0x0000000089900000, 0x0000000089a00000, 0x0000000089a00000|100%|HS|  |TAMS 0x0000000089a00000, 0x0000000089900000| Complete 
|  96|0x0000000089a00000, 0x0000000089b00000, 0x0000000089b00000|100%|HC|  |TAMS 0x0000000089b00000, 0x0000000089a00000| Complete 
|  97|0x0000000089b00000, 0x0000000089c00000, 0x0000000089c00000|100%|HS|  |TAMS 0x0000000089b00000, 0x0000000089b00000| Complete 
|  98|0x0000000089c00000, 0x0000000089d00000, 0x0000000089d00000|100%|HC|  |TAMS 0x0000000089c00000, 0x0000000089c00000| Complete 
|  99|0x0000000089d00000, 0x0000000089e00000, 0x0000000089e00000|100%|HS|  |TAMS 0x0000000089d00000, 0x0000000089d00000| Complete 
| 100|0x0000000089e00000, 0x0000000089f00000, 0x0000000089f00000|100%|HC|  |TAMS 0x0000000089e00000, 0x0000000089e00000| Complete 
| 101|0x0000000089f00000, 0x000000008a000000, 0x000000008a000000|100%|HS|  |TAMS 0x0000000089f00000, 0x0000000089f00000| Complete 
| 102|0x000000008a000000, 0x000000008a100000, 0x000000008a100000|100%|HC|  |TAMS 0x000000008a000000, 0x000000008a000000| Complete 
| 103|0x000000008a100000, 0x000000008a100000, 0x000000008a200000|  0%| F|  |TAMS 0x000000008a100000, 0x000000008a100000| Untracked 
| 104|0x000000008a200000, 0x000000008a200000, 0x000000008a300000|  0%| F|  |TAMS 0x000000008a200000, 0x000000008a200000| Untracked 
| 105|0x000000008a300000, 0x000000008a300000, 0x000000008a400000|  0%| F|  |TAMS 0x000000008a300000, 0x000000008a300000| Untracked 
| 106|0x000000008a400000, 0x000000008a400000, 0x000000008a500000|  0%| F|  |TAMS 0x000000008a400000, 0x000000008a400000| Untracked 
| 107|0x000000008a500000, 0x000000008a500000, 0x000000008a600000|  0%| F|  |TAMS 0x000000008a500000, 0x000000008a500000| Untracked 
| 108|0x000000008a600000, 0x000000008a600000, 0x000000008a700000|  0%| F|  |TAMS 0x000000008a600000, 0x000000008a600000| Untracked 
| 109|0x000000008a700000, 0x000000008a700000, 0x000000008a800000|  0%| F|  |TAMS 0x000000008a700000, 0x000000008a700000| Untracked 
| 110|0x000000008a800000, 0x000000008a800000, 0x000000008a900000|  0%| F|  |TAMS 0x000000008a800000, 0x000000008a800000| Untracked 
| 111|0x000000008a900000, 0x000000008a900000, 0x000000008aa00000|  0%| F|  |TAMS 0x000000008a900000, 0x000000008a900000| Untracked 
| 112|0x000000008aa00000, 0x000000008aa00000, 0x000000008ab00000|  0%| F|  |TAMS 0x000000008aa00000, 0x000000008aa00000| Untracked 
| 113|0x000000008ab00000, 0x000000008ab00000, 0x000000008ac00000|  0%| F|  |TAMS 0x000000008ab00000, 0x000000008ab00000| Untracked 
| 114|0x000000008ac00000, 0x000000008ac00000, 0x000000008ad00000|  0%| F|  |TAMS 0x000000008ac00000, 0x000000008ac00000| Untracked 
| 115|0x000000008ad00000, 0x000000008ad00000, 0x000000008ae00000|  0%| F|  |TAMS 0x000000008ad00000, 0x000000008ad00000| Untracked 
| 116|0x000000008ae00000, 0x000000008ae00000, 0x000000008af00000|  0%| F|  |TAMS 0x000000008ae00000, 0x000000008ae00000| Untracked 
| 117|0x000000008af00000, 0x000000008af00000, 0x000000008b000000|  0%| F|  |TAMS 0x000000008af00000, 0x000000008af00000| Untracked 
| 118|0x000000008b000000, 0x000000008b000000, 0x000000008b100000|  0%| F|  |TAMS 0x000000008b000000, 0x000000008b000000| Untracked 
| 119|0x000000008b100000, 0x000000008b100000, 0x000000008b200000|  0%| F|  |TAMS 0x000000008b100000, 0x000000008b100000| Untracked 
| 120|0x000000008b200000, 0x000000008b200000, 0x000000008b300000|  0%| F|  |TAMS 0x000000008b200000, 0x000000008b200000| Untracked 
| 121|0x000000008b300000, 0x000000008b300000, 0x000000008b400000|  0%| F|  |TAMS 0x000000008b300000, 0x000000008b300000| Untracked 
| 122|0x000000008b400000, 0x000000008b400000, 0x000000008b500000|  0%| F|  |TAMS 0x000000008b400000, 0x000000008b400000| Untracked 
| 123|0x000000008b500000, 0x000000008b500000, 0x000000008b600000|  0%| F|  |TAMS 0x000000008b500000, 0x000000008b500000| Untracked 
| 124|0x000000008b600000, 0x000000008b600000, 0x000000008b700000|  0%| F|  |TAMS 0x000000008b600000, 0x000000008b600000| Untracked 
| 125|0x000000008b700000, 0x000000008b700000, 0x000000008b800000|  0%| F|  |TAMS 0x000000008b700000, 0x000000008b700000| Untracked 
| 126|0x000000008b800000, 0x000000008b800000, 0x000000008b900000|  0%| F|  |TAMS 0x000000008b800000, 0x000000008b800000| Untracked 
| 127|0x000000008b900000, 0x000000008b900000, 0x000000008ba00000|  0%| F|  |TAMS 0x000000008b900000, 0x000000008b900000| Untracked 
| 128|0x000000008ba00000, 0x000000008ba00000, 0x000000008bb00000|  0%| F|  |TAMS 0x000000008ba00000, 0x000000008ba00000| Untracked 
| 129|0x000000008bb00000, 0x000000008bb00000, 0x000000008bc00000|  0%| F|  |TAMS 0x000000008bb00000, 0x000000008bb00000| Untracked 
| 130|0x000000008bc00000, 0x000000008bc00000, 0x000000008bd00000|  0%| F|  |TAMS 0x000000008bc00000, 0x000000008bc00000| Untracked 
| 131|0x000000008bd00000, 0x000000008bd00000, 0x000000008be00000|  0%| F|  |TAMS 0x000000008bd00000, 0x000000008bd00000| Untracked 
| 132|0x000000008be00000, 0x000000008be00000, 0x000000008bf00000|  0%| F|  |TAMS 0x000000008be00000, 0x000000008be00000| Untracked 
| 133|0x000000008bf00000, 0x000000008bf00000, 0x000000008c000000|  0%| F|  |TAMS 0x000000008bf00000, 0x000000008bf00000| Untracked 
| 134|0x000000008c000000, 0x000000008c000000, 0x000000008c100000|  0%| F|  |TAMS 0x000000008c000000, 0x000000008c000000| Untracked 
| 135|0x000000008c100000, 0x000000008c100000, 0x000000008c200000|  0%| F|  |TAMS 0x000000008c100000, 0x000000008c100000| Untracked 
| 136|0x000000008c200000, 0x000000008c200000, 0x000000008c300000|  0%| F|  |TAMS 0x000000008c200000, 0x000000008c200000| Untracked 
| 137|0x000000008c300000, 0x000000008c300000, 0x000000008c400000|  0%| F|  |TAMS 0x000000008c300000, 0x000000008c300000| Untracked 
| 138|0x000000008c400000, 0x000000008c400000, 0x000000008c500000|  0%| F|  |TAMS 0x000000008c400000, 0x000000008c400000| Untracked 
| 139|0x000000008c500000, 0x000000008c500000, 0x000000008c600000|  0%| F|  |TAMS 0x000000008c500000, 0x000000008c500000| Untracked 
| 140|0x000000008c600000, 0x000000008c600000, 0x000000008c700000|  0%| F|  |TAMS 0x000000008c600000, 0x000000008c600000| Untracked 
| 141|0x000000008c700000, 0x000000008c700000, 0x000000008c800000|  0%| F|  |TAMS 0x000000008c700000, 0x000000008c700000| Untracked 
| 142|0x000000008c800000, 0x000000008c800000, 0x000000008c900000|  0%| F|  |TAMS 0x000000008c800000, 0x000000008c800000| Untracked 
| 143|0x000000008c900000, 0x000000008c900000, 0x000000008ca00000|  0%| F|  |TAMS 0x000000008c900000, 0x000000008c900000| Untracked 
| 144|0x000000008ca00000, 0x000000008ca00000, 0x000000008cb00000|  0%| F|  |TAMS 0x000000008ca00000, 0x000000008ca00000| Untracked 
| 145|0x000000008cb00000, 0x000000008cb00000, 0x000000008cc00000|  0%| F|  |TAMS 0x000000008cb00000, 0x000000008cb00000| Untracked 
| 146|0x000000008cc00000, 0x000000008cc00000, 0x000000008cd00000|  0%| F|  |TAMS 0x000000008cc00000, 0x000000008cc00000| Untracked 
| 147|0x000000008cd00000, 0x000000008cd00000, 0x000000008ce00000|  0%| F|  |TAMS 0x000000008cd00000, 0x000000008cd00000| Untracked 
| 148|0x000000008ce00000, 0x000000008ce00000, 0x000000008cf00000|  0%| F|  |TAMS 0x000000008ce00000, 0x000000008ce00000| Untracked 
| 149|0x000000008cf00000, 0x000000008cf00000, 0x000000008d000000|  0%| F|  |TAMS 0x000000008cf00000, 0x000000008cf00000| Untracked 
| 150|0x000000008d000000, 0x000000008d000000, 0x000000008d100000|  0%| F|  |TAMS 0x000000008d000000, 0x000000008d000000| Untracked 
| 151|0x000000008d100000, 0x000000008d100000, 0x000000008d200000|  0%| F|  |TAMS 0x000000008d100000, 0x000000008d100000| Untracked 
| 152|0x000000008d200000, 0x000000008d200000, 0x000000008d300000|  0%| F|  |TAMS 0x000000008d200000, 0x000000008d200000| Untracked 
| 153|0x000000008d300000, 0x000000008d300000, 0x000000008d400000|  0%| F|  |TAMS 0x000000008d300000, 0x000000008d300000| Untracked 
| 154|0x000000008d400000, 0x000000008d400000, 0x000000008d500000|  0%| F|  |TAMS 0x000000008d400000, 0x000000008d400000| Untracked 
| 155|0x000000008d500000, 0x000000008d500000, 0x000000008d600000|  0%| F|  |TAMS 0x000000008d500000, 0x000000008d500000| Untracked 
| 156|0x000000008d600000, 0x000000008d600000, 0x000000008d700000|  0%| F|  |TAMS 0x000000008d600000, 0x000000008d600000| Untracked 
| 157|0x000000008d700000, 0x000000008d700000, 0x000000008d800000|  0%| F|  |TAMS 0x000000008d700000, 0x000000008d700000| Untracked 
| 158|0x000000008d800000, 0x000000008d800000, 0x000000008d900000|  0%| F|  |TAMS 0x000000008d800000, 0x000000008d800000| Untracked 
| 159|0x000000008d900000, 0x000000008d900000, 0x000000008da00000|  0%| F|  |TAMS 0x000000008d900000, 0x000000008d900000| Untracked 
| 160|0x000000008da00000, 0x000000008da00000, 0x000000008db00000|  0%| F|  |TAMS 0x000000008da00000, 0x000000008da00000| Untracked 
| 161|0x000000008db00000, 0x000000008db00000, 0x000000008dc00000|  0%| F|  |TAMS 0x000000008db00000, 0x000000008db00000| Untracked 
| 162|0x000000008dc00000, 0x000000008dc00000, 0x000000008dd00000|  0%| F|  |TAMS 0x000000008dc00000, 0x000000008dc00000| Untracked 
| 163|0x000000008dd00000, 0x000000008dd00000, 0x000000008de00000|  0%| F|  |TAMS 0x000000008dd00000, 0x000000008dd00000| Untracked 
| 164|0x000000008de00000, 0x000000008de00000, 0x000000008df00000|  0%| F|  |TAMS 0x000000008de00000, 0x000000008de00000| Untracked 
| 165|0x000000008df00000, 0x000000008df00000, 0x000000008e000000|  0%| F|  |TAMS 0x000000008df00000, 0x000000008df00000| Untracked 
| 166|0x000000008e000000, 0x000000008e000000, 0x000000008e100000|  0%| F|  |TAMS 0x000000008e000000, 0x000000008e000000| Untracked 
| 167|0x000000008e100000, 0x000000008e100000, 0x000000008e200000|  0%| F|  |TAMS 0x000000008e100000, 0x000000008e100000| Untracked 
| 168|0x000000008e200000, 0x000000008e200000, 0x000000008e300000|  0%| F|  |TAMS 0x000000008e200000, 0x000000008e200000| Untracked 
| 169|0x000000008e300000, 0x000000008e300000, 0x000000008e400000|  0%| F|  |TAMS 0x000000008e300000, 0x000000008e300000| Untracked 
| 170|0x000000008e400000, 0x000000008e400000, 0x000000008e500000|  0%| F|  |TAMS 0x000000008e400000, 0x000000008e400000| Untracked 
| 171|0x000000008e500000, 0x000000008e500000, 0x000000008e600000|  0%| F|  |TAMS 0x000000008e500000, 0x000000008e500000| Untracked 
| 172|0x000000008e600000, 0x000000008e600000, 0x000000008e700000|  0%| F|  |TAMS 0x000000008e600000, 0x000000008e600000| Untracked 
| 173|0x000000008e700000, 0x000000008e700000, 0x000000008e800000|  0%| F|  |TAMS 0x000000008e700000, 0x000000008e700000| Untracked 
| 174|0x000000008e800000, 0x000000008e800000, 0x000000008e900000|  0%| F|  |TAMS 0x000000008e800000, 0x000000008e800000| Untracked 
| 175|0x000000008e900000, 0x000000008e900000, 0x000000008ea00000|  0%| F|  |TAMS 0x000000008e900000, 0x000000008e900000| Untracked 
| 176|0x000000008ea00000, 0x000000008ea00000, 0x000000008eb00000|  0%| F|  |TAMS 0x000000008ea00000, 0x000000008ea00000| Untracked 
| 177|0x000000008eb00000, 0x000000008eb00000, 0x000000008ec00000|  0%| F|  |TAMS 0x000000008eb00000, 0x000000008eb00000| Untracked 
| 178|0x000000008ec00000, 0x000000008ec00000, 0x000000008ed00000|  0%| F|  |TAMS 0x000000008ec00000, 0x000000008ec00000| Untracked 
| 179|0x000000008ed00000, 0x000000008ed00000, 0x000000008ee00000|  0%| F|  |TAMS 0x000000008ed00000, 0x000000008ed00000| Untracked 
| 180|0x000000008ee00000, 0x000000008ee00000, 0x000000008ef00000|  0%| F|  |TAMS 0x000000008ee00000, 0x000000008ee00000| Untracked 
| 181|0x000000008ef00000, 0x000000008ef00000, 0x000000008f000000|  0%| F|  |TAMS 0x000000008ef00000, 0x000000008ef00000| Untracked 
| 182|0x000000008f000000, 0x000000008f000000, 0x000000008f100000|  0%| F|  |TAMS 0x000000008f000000, 0x000000008f000000| Untracked 
| 183|0x000000008f100000, 0x000000008f100000, 0x000000008f200000|  0%| F|  |TAMS 0x000000008f100000, 0x000000008f100000| Untracked 
| 184|0x000000008f200000, 0x000000008f200000, 0x000000008f300000|  0%| F|  |TAMS 0x000000008f200000, 0x000000008f200000| Untracked 
| 185|0x000000008f300000, 0x000000008f300000, 0x000000008f400000|  0%| F|  |TAMS 0x000000008f300000, 0x000000008f300000| Untracked 
| 186|0x000000008f400000, 0x000000008f400000, 0x000000008f500000|  0%| F|  |TAMS 0x000000008f400000, 0x000000008f400000| Untracked 
| 187|0x000000008f500000, 0x000000008f500000, 0x000000008f600000|  0%| F|  |TAMS 0x000000008f500000, 0x000000008f500000| Untracked 
| 188|0x000000008f600000, 0x000000008f600000, 0x000000008f700000|  0%| F|  |TAMS 0x000000008f600000, 0x000000008f600000| Untracked 
| 189|0x000000008f700000, 0x000000008f700000, 0x000000008f800000|  0%| F|  |TAMS 0x000000008f700000, 0x000000008f700000| Untracked 
| 190|0x000000008f800000, 0x000000008f800000, 0x000000008f900000|  0%| F|  |TAMS 0x000000008f800000, 0x000000008f800000| Untracked 
| 191|0x000000008f900000, 0x000000008f900000, 0x000000008fa00000|  0%| F|  |TAMS 0x000000008f900000, 0x000000008f900000| Untracked 
| 192|0x000000008fa00000, 0x000000008fa00000, 0x000000008fb00000|  0%| F|  |TAMS 0x000000008fa00000, 0x000000008fa00000| Untracked 
| 193|0x000000008fb00000, 0x000000008fb00000, 0x000000008fc00000|  0%| F|  |TAMS 0x000000008fb00000, 0x000000008fb00000| Untracked 
| 194|0x000000008fc00000, 0x000000008fc00000, 0x000000008fd00000|  0%| F|  |TAMS 0x000000008fc00000, 0x000000008fc00000| Untracked 
| 195|0x000000008fd00000, 0x000000008fd00000, 0x000000008fe00000|  0%| F|  |TAMS 0x000000008fd00000, 0x000000008fd00000| Untracked 
| 196|0x000000008fe00000, 0x000000008fe00000, 0x000000008ff00000|  0%| F|  |TAMS 0x000000008fe00000, 0x000000008fe00000| Untracked 
| 197|0x000000008ff00000, 0x000000008ff00000, 0x0000000090000000|  0%| F|  |TAMS 0x000000008ff00000, 0x000000008ff00000| Untracked 
| 198|0x0000000090000000, 0x0000000090000000, 0x0000000090100000|  0%| F|  |TAMS 0x0000000090000000, 0x0000000090000000| Untracked 
| 199|0x0000000090100000, 0x0000000090100000, 0x0000000090200000|  0%| F|  |TAMS 0x0000000090100000, 0x0000000090100000| Untracked 
| 200|0x0000000090200000, 0x0000000090200000, 0x0000000090300000|  0%| F|  |TAMS 0x0000000090200000, 0x0000000090200000| Untracked 
| 201|0x0000000090300000, 0x0000000090300000, 0x0000000090400000|  0%| F|  |TAMS 0x0000000090300000, 0x0000000090300000| Untracked 
| 202|0x0000000090400000, 0x00000000904d70a8, 0x0000000090500000| 84%| S|CS|TAMS 0x0000000090400000, 0x0000000090400000| Complete 
| 203|0x0000000090500000, 0x0000000090600000, 0x0000000090600000|100%| S|CS|TAMS 0x0000000090500000, 0x0000000090500000| Complete 
| 204|0x0000000090600000, 0x0000000090700000, 0x0000000090700000|100%| S|CS|TAMS 0x0000000090600000, 0x0000000090600000| Complete 
| 205|0x0000000090700000, 0x0000000090700000, 0x0000000090800000|  0%| F|  |TAMS 0x0000000090700000, 0x0000000090700000| Untracked 
| 206|0x0000000090800000, 0x0000000090800000, 0x0000000090900000|  0%| F|  |TAMS 0x0000000090800000, 0x0000000090800000| Untracked 
| 207|0x0000000090900000, 0x0000000090900000, 0x0000000090a00000|  0%| F|  |TAMS 0x0000000090900000, 0x0000000090900000| Untracked 
| 208|0x0000000090a00000, 0x0000000090a00000, 0x0000000090b00000|  0%| F|  |TAMS 0x0000000090a00000, 0x0000000090a00000| Untracked 
| 209|0x0000000090b00000, 0x0000000090c00000, 0x0000000090c00000|100%| E|  |TAMS 0x0000000090b00000, 0x0000000090b00000| Complete 
| 210|0x0000000090c00000, 0x0000000090d00000, 0x0000000090d00000|100%| S|CS|TAMS 0x0000000090c00000, 0x0000000090c00000| Complete 
| 211|0x0000000090d00000, 0x0000000090e00000, 0x0000000090e00000|100%| E|CS|TAMS 0x0000000090d00000, 0x0000000090d00000| Complete 
| 212|0x0000000090e00000, 0x0000000090f00000, 0x0000000090f00000|100%| E|CS|TAMS 0x0000000090e00000, 0x0000000090e00000| Complete 
| 213|0x0000000090f00000, 0x0000000091000000, 0x0000000091000000|100%| E|CS|TAMS 0x0000000090f00000, 0x0000000090f00000| Complete 
|1985|0x00000000ffb00000, 0x00000000ffc00000, 0x00000000ffc00000|100%| O|  |TAMS 0x00000000ffc00000, 0x00000000ffb00000| Complete 
|1986|0x00000000ffc00000, 0x00000000ffd00000, 0x00000000ffd00000|100%| O|  |TAMS 0x00000000ffd00000, 0x00000000ffc00000| Untracked 
|1987|0x00000000ffd00000, 0x00000000ffe00000, 0x00000000ffe00000|100%| O|  |TAMS 0x00000000ffe00000, 0x00000000ffd00000| Untracked 
|1988|0x00000000ffe00000, 0x00000000fff00000, 0x00000000fff00000|100%| O|  |TAMS 0x00000000fff00000, 0x00000000ffe00000| Untracked 
|1989|0x00000000fff00000, 0x0000000100000000, 0x0000000100000000|100%| O|  |TAMS 0x0000000100000000, 0x00000000fff00000| Complete 

Card table byte_map: [0x0000011fe6a00000,0x0000011fe6df0000] _byte_map_base: 0x0000011fe65e3000

Marking Bits (Prev, Next): (CMBitMap*) 0x0000011fcfac0c10, (CMBitMap*) 0x0000011fcfac0bd0
 Prev Bits: [0x0000011fe9100000, 0x0000011feb018000)
 Next Bits: [0x0000011fe71e0000, 0x0000011fe90f8000)

Polling page: 0x0000011fcd750000

Metaspace:

Usage:
  Non-class:     30.32 MB used.
      Class:      3.84 MB used.
       Both:     34.16 MB used.

Virtual space:
  Non-class space:       40.00 MB reserved,      31.19 MB ( 78%) committed,  5 nodes.
      Class space:        1.00 GB reserved,       4.19 MB ( <1%) committed,  1 nodes.
             Both:        1.04 GB reserved,      35.38 MB (  3%) committed. 

Chunk freelists:
   Non-Class:  5.51 MB
       Class:  3.99 MB
        Both:  9.50 MB

MaxMetaspaceSize: unlimited
CompressedClassSpaceSize: 1.00 GB
Initial GC threshold: 21.00 MB
Current GC threshold: 59.00 MB
CDS: on
MetaspaceReclaimPolicy: balanced
 - commit_granule_bytes: 65536.
 - commit_granule_words: 8192.
 - virtual_space_node_default_size: 1048576.
 - enlarge_chunks_in_place: 1.
 - new_chunks_are_fully_committed: 0.
 - uncommit_free_chunks: 1.
 - use_allocation_guard: 0.
 - handle_deallocations: 1.


Internal statistics:

num_allocs_failed_limit: 6.
num_arena_births: 330.
num_arena_deaths: 16.
num_vsnodes_births: 6.
num_vsnodes_deaths: 0.
num_space_committed: 583.
num_space_uncommitted: 17.
num_chunks_returned_to_freelist: 137.
num_chunks_taken_from_freelist: 1770.
num_chunk_merges: 31.
num_chunk_splits: 1206.
num_chunks_enlarged: 897.
num_purges: 2.
num_inconsistent_stats: 0.

CodeHeap 'non-profiled nmethods': size=120000Kb used=5374Kb max_used=6394Kb free=114625Kb
 bounds [0x0000011fdeda0000, 0x0000011fdf3e0000, 0x0000011fe62d0000]
CodeHeap 'profiled nmethods': size=120000Kb used=17762Kb max_used=19854Kb free=102237Kb
 bounds [0x0000011fd7870000, 0x0000011fd8be0000, 0x0000011fdeda0000]
CodeHeap 'non-nmethods': size=5760Kb used=1241Kb max_used=1330Kb free=4519Kb
 bounds [0x0000011fd72d0000, 0x0000011fd7540000, 0x0000011fd7870000]
 total_blobs=8800 nmethods=8249 adapters=463
 compilation: enabled
              stopped_count=0, restarted_count=0
 full_count=0

Compilation events (20 events):
Event: 11.539 Thread 0x0000011feda51480 10688       1       org.apache.commons.compress.archivers.zip.ZipArchiveEntry::getSize (5 bytes)
Event: 11.540 Thread 0x0000011feda51480 nmethod 10688 0x0000011fdf3d4490 code [0x0000011fdf3d4620, 0x0000011fdf3d46f8]
Event: 11.540 Thread 0x0000011feda51480 10689       3       org.apache.commons.compress.archivers.zip.ZipArchiveEntry::getName (19 bytes)
Event: 11.540 Thread 0x0000011feda51480 nmethod 10689 0x0000011fd8bc2290 code [0x0000011fd8bc2420, 0x0000011fd8bc2598]
Event: 11.540 Thread 0x0000011feda51480 10691       3       java.nio.HeapByteBuffer::put (16 bytes)
Event: 11.540 Thread 0x0000011feda51480 nmethod 10691 0x0000011fd8bc2610 code [0x0000011fd8bc27e0, 0x0000011fd8bc2ac8]
Event: 11.541 Thread 0x0000011feda51480 10692       1       java.util.zip.ZipEntry::getCompressedSize (5 bytes)
Event: 11.541 Thread 0x0000011feda51480 nmethod 10692 0x0000011fdf3d4790 code [0x0000011fdf3d4920, 0x0000011fdf3d49f8]
Event: 11.541 Thread 0x0000011feda51480 10693       3       org.apache.commons.compress.utils.ByteUtils::toLittleEndian (41 bytes)
Event: 11.541 Thread 0x0000011feda51480 nmethod 10693 0x0000011fd8bc2c90 code [0x0000011fd8bc2e40, 0x0000011fd8bc3018]
Event: 11.541 Thread 0x0000011feda51480 10696       3       sun.nio.cs.UTF_8$Encoder::encodeBufferLoop (326 bytes)
Event: 11.963 Thread 0x0000011feda51480 nmethod 10696 0x0000011fd8bc3190 code [0x0000011fd8bc3560, 0x0000011fd8bc50f8]
Event: 11.963 Thread 0x0000011feda51480 10697       3       java.nio.charset.CharsetEncoder::onMalformedInput (26 bytes)
Event: 11.964 Thread 0x0000011feda51480 nmethod 10697 0x0000011fd8bc5810 code [0x0000011fd8bc59c0, 0x0000011fd8bc5d08]
Event: 11.964 Thread 0x0000011feda51480 10702       2       java.util.concurrent.locks.AbstractQueuedSynchronizer::acquire (20 bytes)
Event: 11.965 Thread 0x0000011feda51480 nmethod 10702 0x0000011fd8bc5e10 code [0x0000011fd8bc5fc0, 0x0000011fd8bc6158]
Event: 11.965 Thread 0x0000011feda51480 10698       3       java.nio.charset.CharsetEncoder::implOnMalformedInput (1 bytes)
Event: 11.965 Thread 0x0000011feda51480 nmethod 10698 0x0000011fd8bc6210 code [0x0000011fd8bc63a0, 0x0000011fd8bc64b8]
Event: 11.965 Thread 0x0000011feda51480 10703       1       java.nio.charset.CharsetEncoder::averageBytesPerChar (5 bytes)
Event: 11.966 Thread 0x0000011feda51480 nmethod 10703 0x0000011fdf3d4a90 code [0x0000011fdf3d4c20, 0x0000011fdf3d4cf8]

GC Heap History (20 events):
Event: 7.026 GC heap before
{Heap before GC invocations=10 (full 0):
 garbage-first heap   total 181248K, used 133632K [0x0000000083a00000, 0x0000000100000000)
  region size 1024K, 88 young (90112K), 4 survivors (4096K)
 Metaspace       used 29345K, committed 29696K, reserved 1081344K
  class space    used 3306K, committed 3456K, reserved 1048576K
}
Event: 7.033 GC heap after
{Heap after GC invocations=11 (full 0):
 garbage-first heap   total 181248K, used 52362K [0x0000000083a00000, 0x0000000100000000)
  region size 1024K, 9 young (9216K), 9 survivors (9216K)
 Metaspace       used 29345K, committed 29696K, reserved 1081344K
  class space    used 3306K, committed 3456K, reserved 1048576K
}
Event: 7.351 GC heap before
{Heap before GC invocations=11 (full 0):
 garbage-first heap   total 181248K, used 128138K [0x0000000083a00000, 0x0000000100000000)
  region size 1024K, 83 young (84992K), 9 survivors (9216K)
 Metaspace       used 29534K, committed 29888K, reserved 1081344K
  class space    used 3320K, committed 3456K, reserved 1048576K
}
Event: 7.364 GC heap after
{Heap after GC invocations=12 (full 0):
 garbage-first heap   total 181248K, used 56832K [0x0000000083a00000, 0x0000000100000000)
  region size 1024K, 9 young (9216K), 9 survivors (9216K)
 Metaspace       used 29534K, committed 29888K, reserved 1081344K
  class space    used 3320K, committed 3456K, reserved 1048576K
}
Event: 7.619 GC heap before
{Heap before GC invocations=12 (full 0):
 garbage-first heap   total 181248K, used 133632K [0x0000000083a00000, 0x0000000100000000)
  region size 1024K, 84 young (86016K), 9 survivors (9216K)
 Metaspace       used 29617K, committed 30016K, reserved 1081344K
  class space    used 3325K, committed 3520K, reserved 1048576K
}
Event: 7.629 GC heap after
{Heap after GC invocations=13 (full 0):
 garbage-first heap   total 181248K, used 59696K [0x0000000083a00000, 0x0000000100000000)
  region size 1024K, 8 young (8192K), 8 survivors (8192K)
 Metaspace       used 29617K, committed 30016K, reserved 1081344K
  class space    used 3325K, committed 3520K, reserved 1048576K
}
Event: 7.886 GC heap before
{Heap before GC invocations=13 (full 0):
 garbage-first heap   total 181248K, used 137520K [0x0000000083a00000, 0x0000000100000000)
  region size 1024K, 84 young (86016K), 8 survivors (8192K)
 Metaspace       used 29719K, committed 30144K, reserved 1081344K
  class space    used 3325K, committed 3520K, reserved 1048576K
}
Event: 7.895 GC heap after
{Heap after GC invocations=14 (full 0):
 garbage-first heap   total 181248K, used 59602K [0x0000000083a00000, 0x0000000100000000)
  region size 1024K, 4 young (4096K), 4 survivors (4096K)
 Metaspace       used 29719K, committed 30144K, reserved 1081344K
  class space    used 3325K, committed 3520K, reserved 1048576K
}
Event: 8.512 GC heap before
{Heap before GC invocations=14 (full 0):
 garbage-first heap   total 181248K, used 140498K [0x0000000083a00000, 0x0000000100000000)
  region size 1024K, 83 young (84992K), 4 survivors (4096K)
 Metaspace       used 31263K, committed 31616K, reserved 1081344K
  class space    used 3509K, committed 3648K, reserved 1048576K
}
Event: 8.518 GC heap after
{Heap after GC invocations=15 (full 0):
 garbage-first heap   total 181248K, used 60180K [0x0000000083a00000, 0x0000000100000000)
  region size 1024K, 4 young (4096K), 4 survivors (4096K)
 Metaspace       used 31263K, committed 31616K, reserved 1081344K
  class space    used 3509K, committed 3648K, reserved 1048576K
}
Event: 9.748 GC heap before
{Heap before GC invocations=15 (full 0):
 garbage-first heap   total 181248K, used 150292K [0x0000000083a00000, 0x0000000100000000)
  region size 1024K, 85 young (87040K), 4 survivors (4096K)
 Metaspace       used 32336K, committed 32704K, reserved 1081344K
  class space    used 3578K, committed 3712K, reserved 1048576K
}
Event: 9.763 GC heap after
{Heap after GC invocations=16 (full 0):
 garbage-first heap   total 181248K, used 76228K [0x0000000083a00000, 0x0000000100000000)
  region size 1024K, 11 young (11264K), 11 survivors (11264K)
 Metaspace       used 32336K, committed 32704K, reserved 1081344K
  class space    used 3578K, committed 3712K, reserved 1048576K
}
Event: 10.646 GC heap before
{Heap before GC invocations=16 (full 0):
 garbage-first heap   total 181248K, used 139716K [0x0000000083a00000, 0x0000000100000000)
  region size 1024K, 74 young (75776K), 11 survivors (11264K)
 Metaspace       used 33699K, committed 34112K, reserved 1081344K
  class space    used 3741K, committed 3904K, reserved 1048576K
}
Event: 10.659 GC heap after
{Heap after GC invocations=17 (full 0):
 garbage-first heap   total 181248K, used 89600K [0x0000000083a00000, 0x0000000100000000)
  region size 1024K, 10 young (10240K), 10 survivors (10240K)
 Metaspace       used 33699K, committed 34112K, reserved 1081344K
  class space    used 3741K, committed 3904K, reserved 1048576K
}
Event: 11.474 GC heap before
{Heap before GC invocations=17 (full 0):
 garbage-first heap   total 181248K, used 140800K [0x0000000083a00000, 0x0000000100000000)
  region size 1024K, 59 young (60416K), 10 survivors (10240K)
 Metaspace       used 36587K, committed 36992K, reserved 1081344K
  class space    used 4101K, committed 4288K, reserved 1048576K
}
Event: 11.479 GC heap after
{Heap after GC invocations=18 (full 0):
 garbage-first heap   total 224256K, used 92115K [0x0000000083a00000, 0x0000000100000000)
  region size 1024K, 5 young (5120K), 5 survivors (5120K)
 Metaspace       used 36587K, committed 36992K, reserved 1081344K
  class space    used 4101K, committed 4288K, reserved 1048576K
}
Event: 11.505 GC heap before
{Heap before GC invocations=18 (full 0):
 garbage-first heap   total 224256K, used 107475K [0x0000000083a00000, 0x0000000100000000)
  region size 1024K, 9 young (9216K), 5 survivors (5120K)
 Metaspace       used 36852K, committed 37312K, reserved 1089536K
  class space    used 4139K, committed 4352K, reserved 1048576K
}
Event: 11.508 GC heap after
{Heap after GC invocations=19 (full 0):
 garbage-first heap   total 224256K, used 104053K [0x0000000083a00000, 0x0000000100000000)
  region size 1024K, 5 young (5120K), 5 survivors (5120K)
 Metaspace       used 36852K, committed 37312K, reserved 1089536K
  class space    used 4139K, committed 4352K, reserved 1048576K
}
Event: 11.509 GC heap before
{Heap before GC invocations=19 (full 0):
 garbage-first heap   total 224256K, used 110197K [0x0000000083a00000, 0x0000000100000000)
  region size 1024K, 8 young (8192K), 5 survivors (5120K)
 Metaspace       used 36852K, committed 37312K, reserved 1089536K
  class space    used 4139K, committed 4352K, reserved 1048576K
}
Event: 11.512 GC heap after
{Heap after GC invocations=20 (full 0):
 garbage-first heap   total 224256K, used 107868K [0x0000000083a00000, 0x0000000100000000)
  region size 1024K, 4 young (4096K), 4 survivors (4096K)
 Metaspace       used 36852K, committed 37312K, reserved 1089536K
  class space    used 4139K, committed 4352K, reserved 1048576K
}

Deoptimization events (20 events):
Event: 11.504 Thread 0x0000011fef953560 Uncommon trap: trap_request=0xfffffff4 fr.pc=0x0000011fdeebe868 relative=0x0000000000000208
Event: 11.504 Thread 0x0000011fef953560 Uncommon trap: reason=null_check action=make_not_entrant pc=0x0000011fdeebe868 method=sun.nio.fs.NativeBuffers.getNativeBufferFromCache(I)Lsun/nio/fs/NativeBuffer; @ 6 c2
Event: 11.504 Thread 0x0000011fef9513b0 DEOPT PACKING pc=0x0000011fdee11600 sp=0x00000019231ff5f0
Event: 11.504 Thread 0x0000011fef953560 DEOPT PACKING pc=0x0000011fdeebe868 sp=0x00000019230fec80
Event: 11.504 Thread 0x0000011fef9513b0 DEOPT UNPACKING pc=0x0000011fd73223a3 sp=0x00000019231ff5c8 mode 2
Event: 11.504 Thread 0x0000011fef953560 DEOPT UNPACKING pc=0x0000011fd73223a3 sp=0x00000019230fec58 mode 2
Event: 11.505 Thread 0x0000011fef951d50 Uncommon trap: trap_request=0xffffffde fr.pc=0x0000011fdee11600 relative=0x0000000000000160
Event: 11.505 Thread 0x0000011fef951d50 Uncommon trap: reason=class_check action=maybe_recompile pc=0x0000011fdee11600 method=java.util.concurrent.locks.AbstractQueuedSynchronizer.acquire(I)V @ 2 c2
Event: 11.505 Thread 0x0000011fef951d50 DEOPT PACKING pc=0x0000011fdee11600 sp=0x00000019232ff5b0
Event: 11.505 Thread 0x0000011fef951d50 DEOPT UNPACKING pc=0x0000011fd73223a3 sp=0x00000019232ff588 mode 2
Event: 11.508 Thread 0x0000011fef953560 Uncommon trap: trap_request=0xfffffff4 fr.pc=0x0000011fdefa1b68 relative=0x0000000000000208
Event: 11.508 Thread 0x0000011fef9513b0 Uncommon trap: trap_request=0xfffffff4 fr.pc=0x0000011fdefa1b68 relative=0x0000000000000208
Event: 11.508 Thread 0x0000011fef9513b0 Uncommon trap: reason=null_check action=make_not_entrant pc=0x0000011fdefa1b68 method=sun.nio.fs.NativeBuffers.releaseNativeBuffer(Lsun/nio/fs/NativeBuffer;)V @ 6 c2
Event: 11.508 Thread 0x0000011fef953560 Uncommon trap: reason=null_check action=make_not_entrant pc=0x0000011fdefa1b68 method=sun.nio.fs.NativeBuffers.releaseNativeBuffer(Lsun/nio/fs/NativeBuffer;)V @ 6 c2
Event: 11.508 Thread 0x0000011fef953560 DEOPT PACKING pc=0x0000011fdefa1b68 sp=0x00000019230fed10
Event: 11.508 Thread 0x0000011fef9513b0 DEOPT PACKING pc=0x0000011fdefa1b68 sp=0x00000019231fed10
Event: 11.508 Thread 0x0000011fef953560 DEOPT UNPACKING pc=0x0000011fd73223a3 sp=0x00000019230fece0 mode 2
Event: 11.508 Thread 0x0000011fef9513b0 DEOPT UNPACKING pc=0x0000011fd73223a3 sp=0x00000019231fece0 mode 2
Event: 11.514 Thread 0x0000011fef950a10 DEOPT PACKING pc=0x0000011fd7c04431 sp=0x00000019234ff1d0
Event: 11.514 Thread 0x0000011fef950a10 DEOPT UNPACKING pc=0x0000011fd7322b43 sp=0x00000019234fe628 mode 3

Classes unloaded (20 events):
Event: 11.545 Thread 0x0000011feda31250 Unloading class 0x0000000800f2e7c8 'lombok/javac/apt/MessagerDiagnosticsReceiver'
Event: 11.545 Thread 0x0000011feda31250 Unloading class 0x0000000800f2e420 'lombok/javac/apt/InterceptingJavaFileManager'
Event: 11.545 Thread 0x0000011feda31250 Unloading class 0x0000000800f2e218 'lombok/permit/dummy/Parent'
Event: 11.545 Thread 0x0000011feda31250 Unloading class 0x0000000800f2e000 'lombok/core/CleanupRegistry'
Event: 11.545 Thread 0x0000011feda31250 Unloading class 0x0000000800f2dde0 'lombok/permit/Permit$Fake'
Event: 11.545 Thread 0x0000011feda31250 Unloading class 0x0000000800f2dbe0 'lombok/permit/Permit'
Event: 11.545 Thread 0x0000011feda31250 Unloading class 0x0000000800f2d9e8 'lombok/core/DiagnosticsReceiver'
Event: 11.545 Thread 0x0000011feda31250 Unloading class 0x0000000800f2d700 'lombok/javac/apt/LombokProcessor$1'
Event: 11.545 Thread 0x0000011feda31250 Unloading class 0x0000000800f2d468 'lombok/javac/apt/LombokProcessor'
Event: 11.546 Thread 0x0000011feda31250 Unloading class 0x0000000800f2d238 'lombok/core/AnnotationProcessor$EcjDescriptor'
Event: 11.546 Thread 0x0000011feda31250 Unloading class 0x0000000800f2d000 'lombok/core/AnnotationProcessor$JavacDescriptor'
Event: 11.546 Thread 0x0000011feda31250 Unloading class 0x0000000800f2ca80 'lombok/core/AnnotationProcessor$ProcessorDescriptor'
Event: 11.546 Thread 0x0000011feda31250 Unloading class 0x0000000800f2c800 'lombok/core/AnnotationProcessor'
Event: 11.546 Thread 0x0000011feda31250 Unloading class 0x0000000800f71000 'lombok/launch/AnnotationProcessorHider$ClaimingProcessor'
Event: 11.546 Thread 0x0000011feda31250 Unloading class 0x0000000800f2c498 'lombok/launch/AnnotationProcessorHider$AstModificationNotifierData'
Event: 11.546 Thread 0x0000011feda31250 Unloading class 0x0000000800f2c218 'lombok/launch/ClassFileMetaData'
Event: 11.546 Thread 0x0000011feda31250 Unloading class 0x0000000800f2c000 'lombok/launch/PackageShader'
Event: 11.546 Thread 0x0000011feda31250 Unloading class 0x0000000800f04480 'lombok/launch/ShadowClassLoader'
Event: 11.546 Thread 0x0000011feda31250 Unloading class 0x0000000800f04280 'lombok/launch/Main'
Event: 11.546 Thread 0x0000011feda31250 Unloading class 0x0000000800f04000 'lombok/launch/AnnotationProcessorHider$AnnotationProcessor'

Classes redefined (0 events):
No events

Internal exceptions (20 events):
Event: 10.633 Thread 0x0000011fcfa65a80 Exception <a 'sun/nio/fs/WindowsException'{0x000000008a8b7878}> (0x000000008a8b7878) 
thrown [s\open\src\hotspot\share\prims\jni.cpp, line 516]
Event: 10.633 Thread 0x0000011fcfa65a80 Exception <a 'sun/nio/fs/WindowsException'{0x000000008a8b7b38}> (0x000000008a8b7b38) 
thrown [s\open\src\hotspot\share\prims\jni.cpp, line 516]
Event: 10.633 Thread 0x0000011fcfa65a80 Exception <a 'sun/nio/fs/WindowsException'{0x000000008a8b8a50}> (0x000000008a8b8a50) 
thrown [s\open\src\hotspot\share\prims\jni.cpp, line 516]
Event: 10.633 Thread 0x0000011fcfa65a80 Exception <a 'sun/nio/fs/WindowsException'{0x000000008a8b8dd0}> (0x000000008a8b8dd0) 
thrown [s\open\src\hotspot\share\prims\jni.cpp, line 516]
Event: 10.633 Thread 0x0000011fcfa65a80 Exception <a 'sun/nio/fs/WindowsException'{0x000000008a8b9da0}> (0x000000008a8b9da0) 
thrown [s\open\src\hotspot\share\prims\jni.cpp, line 516]
Event: 10.633 Thread 0x0000011fcfa65a80 Exception <a 'sun/nio/fs/WindowsException'{0x000000008a8ba088}> (0x000000008a8ba088) 
thrown [s\open\src\hotspot\share\prims\jni.cpp, line 516]
Event: 10.636 Thread 0x0000011fcfa65a80 Exception <a 'sun/nio/fs/WindowsException'{0x000000008a78b870}> (0x000000008a78b870) 
thrown [s\open\src\hotspot\share\prims\jni.cpp, line 516]
Event: 10.638 Thread 0x0000011fcfa65a80 Exception <a 'sun/nio/fs/WindowsException'{0x000000008a7a2df0}> (0x000000008a7a2df0) 
thrown [s\open\src\hotspot\share\prims\jni.cpp, line 516]
Event: 10.640 Thread 0x0000011fcfa65a80 Exception <a 'sun/nio/fs/WindowsException'{0x000000008a7ba8a8}> (0x000000008a7ba8a8) 
thrown [s\open\src\hotspot\share\prims\jni.cpp, line 516]
Event: 10.640 Thread 0x0000011fcfa65a80 Exception <a 'sun/nio/fs/WindowsException'{0x000000008a7bafb8}> (0x000000008a7bafb8) 
thrown [s\open\src\hotspot\share\prims\jni.cpp, line 516]
Event: 10.640 Thread 0x0000011fcfa65a80 Exception <a 'sun/nio/fs/WindowsException'{0x000000008a7bb578}> (0x000000008a7bb578) 
thrown [s\open\src\hotspot\share\prims\jni.cpp, line 516]
Event: 10.641 Thread 0x0000011fcfa65a80 Exception <a 'sun/nio/fs/WindowsException'{0x000000008a7bbc70}> (0x000000008a7bbc70) 
thrown [s\open\src\hotspot\share\prims\jni.cpp, line 516]
Event: 10.641 Thread 0x0000011fcfa65a80 Exception <a 'sun/nio/fs/WindowsException'{0x000000008a7bbf00}> (0x000000008a7bbf00) 
thrown [s\open\src\hotspot\share\prims\jni.cpp, line 516]
Event: 10.641 Thread 0x0000011fcfa65a80 Exception <a 'sun/nio/fs/WindowsException'{0x000000008a7bcb68}> (0x000000008a7bcb68) 
thrown [s\open\src\hotspot\share\prims\jni.cpp, line 516]
Event: 10.971 Thread 0x0000011fef885340 Exception <a 'java/lang/NoSuchMethodError'{0x000000008d10da28}: 'java.lang.Object java.lang.invoke.DirectMethodHandle$Holder.invokeStatic(java.lang.Object, java.lang.Object, long, java.lang.Object)'> (0x000000008d10da28) 
thrown [s\open\src\hotspot\share\interpreter\linkResolver.cpp, line 759]
Event: 10.972 Thread 0x0000011fef885340 Exception <a 'java/lang/NoSuchMethodError'{0x000000008d111200}: 'java.lang.Object java.lang.invoke.DirectMethodHandle$Holder.invokeStaticInit(java.lang.Object, java.lang.Object, long, java.lang.Object)'> (0x000000008d111200) 
thrown [s\open\src\hotspot\share\interpreter\linkResolver.cpp, line 759]
Event: 10.972 Thread 0x0000011fef885340 Exception <a 'java/lang/NoSuchMethodError'{0x000000008d117810}: 'java.lang.Object java.lang.invoke.DirectMethodHandle$Holder.newInvokeSpecial(java.lang.Object, java.lang.Object, long)'> (0x000000008d117810) 
thrown [s\open\src\hotspot\share\interpreter\linkResolver.cpp, line 759]
Event: 10.973 Thread 0x0000011fef885340 Exception <a 'java/lang/NoSuchMethodError'{0x000000008d11b380}: 'java.lang.Object java.lang.invoke.Invokers$Holder.linkToTargetMethod(java.lang.Object, long, java.lang.Object)'> (0x000000008d11b380) 
thrown [s\open\src\hotspot\share\interpreter\linkResolver.cpp, line 759]
Event: 11.508 Thread 0x0000011fef953560 Implicit null exception at 0x0000011fdefa1a01 to 0x0000011fdefa1b58
Event: 11.508 Thread 0x0000011fef9513b0 Implicit null exception at 0x0000011fdefa1a01 to 0x0000011fdefa1b58

VM Operations (20 events):
Event: 11.423 Executing VM operation: ICBufferFull done
Event: 11.466 Executing VM operation: HandshakeAllThreads
Event: 11.466 Executing VM operation: HandshakeAllThreads done
Event: 11.474 Executing VM operation: G1TryInitiateConcMark
Event: 11.479 Executing VM operation: G1TryInitiateConcMark done
Event: 11.484 Executing VM operation: HandshakeAllThreads
Event: 11.484 Executing VM operation: HandshakeAllThreads done
Event: 11.505 Executing VM operation: G1TryInitiateConcMark
Event: 11.508 Executing VM operation: G1TryInitiateConcMark done
Event: 11.509 Executing VM operation: G1TryInitiateConcMark
Event: 11.512 Executing VM operation: G1TryInitiateConcMark done
Event: 11.514 Executing VM operation: HandshakeAllThreads
Event: 11.514 Executing VM operation: HandshakeAllThreads done
Event: 11.529 Executing VM operation: HandshakeAllThreads
Event: 11.535 Executing VM operation: HandshakeAllThreads done
Event: 11.536 Executing VM operation: HandshakeAllThreads
Event: 11.536 Executing VM operation: HandshakeAllThreads done
Event: 11.542 Executing VM operation: G1Concurrent
Event: 11.963 Executing VM operation: G1Concurrent done
Event: 11.963 Executing VM operation: HandshakeAllThreads

Events (20 events):
Event: 11.503 loading class java/util/concurrent/ThreadPoolExecutor$Worker
Event: 11.503 loading class java/util/concurrent/ThreadPoolExecutor$Worker done
Event: 11.503 loading class java/lang/Thread$State
Event: 11.503 loading class java/lang/Thread$State done
Event: 11.503 Thread 0x0000011fef9526f0 Thread added: 0x0000011fef9526f0
Event: 11.504 Thread 0x0000011fef953560 Thread added: 0x0000011fef953560
Event: 11.504 Thread 0x0000011fef9513b0 Thread added: 0x0000011fef9513b0
Event: 11.504 Thread 0x0000011fef951d50 Thread added: 0x0000011fef951d50
Event: 11.505 Thread 0x0000011fef953a30 Thread added: 0x0000011fef953a30
Event: 11.509 Thread 0x0000011fef950a10 Thread added: 0x0000011fef950a10
Event: 11.509 Thread 0x0000011fef952220 Thread added: 0x0000011fef952220
Event: 11.512 Thread 0x0000011fef952bc0 Thread added: 0x0000011fef952bc0
Event: 11.513 loading class java/util/concurrent/locks/AbstractQueuedSynchronizer$ExclusiveNode
Event: 11.513 loading class java/util/concurrent/locks/AbstractQueuedSynchronizer$ExclusiveNode done
Event: 11.524 loading class java/util/concurrent/ConcurrentLinkedQueue$Itr
Event: 11.525 loading class java/util/concurrent/ConcurrentLinkedQueue$Itr done
Event: 11.527 loading class java/nio/StringCharBuffer
Event: 11.528 loading class java/nio/StringCharBuffer done
Event: 11.965 loading class java/util/concurrent/ConcurrentLinkedDeque$Itr
Event: 11.966 loading class java/util/concurrent/ConcurrentLinkedDeque$AbstractItr


Dynamic libraries:
0x00007ff768e80000 - 0x00007ff768e90000 	C:\Program Files\Java\jdk-17.0.5\bin\java.exe
0x00007ffb53c60000 - 0x00007ffb53ec8000 	C:\WINDOWS\SYSTEM32\ntdll.dll
0x00007ffb525c0000 - 0x00007ffb52689000 	C:\WINDOWS\System32\KERNEL32.DLL
0x00007ffb50fd0000 - 0x00007ffb513c2000 	C:\WINDOWS\System32\KERNELBASE.dll
0x00007ffb513d0000 - 0x00007ffb5151b000 	C:\WINDOWS\System32\ucrtbase.dll
0x00007ffb4b650000 - 0x00007ffb4b668000 	C:\Program Files\Java\jdk-17.0.5\bin\jli.dll
0x00007ffb4b630000 - 0x00007ffb4b64a000 	C:\Program Files\Java\jdk-17.0.5\bin\VCRUNTIME140.dll
0x00007ffb51d40000 - 0x00007ffb51df4000 	C:\WINDOWS\System32\ADVAPI32.dll
0x00007ffb52500000 - 0x00007ffb525a9000 	C:\WINDOWS\System32\msvcrt.dll
0x00007ffb51e00000 - 0x00007ffb51ea6000 	C:\WINDOWS\System32\sechost.dll
0x00007ffb51eb0000 - 0x00007ffb51fc8000 	C:\WINDOWS\System32\RPCRT4.dll
0x00007ffb51b70000 - 0x00007ffb51d35000 	C:\WINDOWS\System32\USER32.dll
0x00007ffb388d0000 - 0x00007ffb38b63000 	C:\WINDOWS\WinSxS\amd64_microsoft.windows.common-controls_6595b64144ccf1df_6.0.26100.6899_none_3e0efeeae32e88c1\COMCTL32.dll
0x00007ffb51a00000 - 0x00007ffb51a27000 	C:\WINDOWS\System32\win32u.dll
0x00007ffb53a00000 - 0x00007ffb53a2b000 	C:\WINDOWS\System32\GDI32.dll
0x00007ffb51760000 - 0x00007ffb5188d000 	C:\WINDOWS\System32\gdi32full.dll
0x00007ffb50df0000 - 0x00007ffb50e93000 	C:\WINDOWS\System32\msvcp_win.dll
0x00007ffb3d410000 - 0x00007ffb3d41b000 	C:\WINDOWS\SYSTEM32\VERSION.dll
0x00007ffb53440000 - 0x00007ffb5346f000 	C:\WINDOWS\System32\IMM32.DLL
0x00007ffb4b620000 - 0x00007ffb4b62c000 	C:\Program Files\Java\jdk-17.0.5\bin\vcruntime140_1.dll
0x00007ffb274f0000 - 0x00007ffb2757d000 	C:\Program Files\Java\jdk-17.0.5\bin\msvcp140.dll
0x00007ffab1f20000 - 0x00007ffab2ae2000 	C:\Program Files\Java\jdk-17.0.5\bin\server\jvm.dll
0x00007ffb51b60000 - 0x00007ffb51b68000 	C:\WINDOWS\System32\PSAPI.DLL
0x00007ffb2c380000 - 0x00007ffb2c38a000 	C:\WINDOWS\SYSTEM32\WSOCK32.dll
0x00007ffb35160000 - 0x00007ffb35195000 	C:\WINDOWS\SYSTEM32\WINMM.dll
0x00007ffb533c0000 - 0x00007ffb53434000 	C:\WINDOWS\System32\WS2_32.dll
0x00007ffb4fb80000 - 0x00007ffb4fb9b000 	C:\WINDOWS\SYSTEM32\kernel.appcore.dll
0x00007ffb48390000 - 0x00007ffb4839a000 	C:\Program Files\Java\jdk-17.0.5\bin\jimage.dll
0x00007ffb4e370000 - 0x00007ffb4e5b2000 	C:\WINDOWS\SYSTEM32\DBGHELP.DLL
0x00007ffb528f0000 - 0x00007ffb52c6b000 	C:\WINDOWS\System32\combase.dll
0x00007ffb521f0000 - 0x00007ffb522c7000 	C:\WINDOWS\System32\OLEAUT32.dll
0x00007ffb31ae0000 - 0x00007ffb31b1c000 	C:\WINDOWS\SYSTEM32\dbgcore.DLL
0x00007ffb50ea0000 - 0x00007ffb50f38000 	C:\WINDOWS\System32\bcryptPrimitives.dll
0x00007ffb3ccc0000 - 0x00007ffb3cce5000 	C:\Program Files\Java\jdk-17.0.5\bin\java.dll
0x00007ffb20810000 - 0x00007ffb208e6000 	C:\Program Files\Java\jdk-17.0.5\bin\jsvml.dll
0x00007ffb52c70000 - 0x00007ffb533bd000 	C:\WINDOWS\System32\SHELL32.dll
0x00007ffb51890000 - 0x00007ffb519fb000 	C:\WINDOWS\System32\wintypes.dll
0x00007ffb4ea00000 - 0x00007ffb4f25d000 	C:\WINDOWS\SYSTEM32\windows.storage.dll
0x00007ffb51a30000 - 0x00007ffb51b22000 	C:\WINDOWS\System32\SHCORE.dll
0x00007ffb53500000 - 0x00007ffb53562000 	C:\WINDOWS\System32\shlwapi.dll
0x00007ffb50d10000 - 0x00007ffb50d39000 	C:\WINDOWS\SYSTEM32\profapi.dll
0x00007ffb42b90000 - 0x00007ffb42ba9000 	C:\Program Files\Java\jdk-17.0.5\bin\net.dll
0x00007ffb49d60000 - 0x00007ffb49e7f000 	C:\WINDOWS\SYSTEM32\WINHTTP.dll
0x00007ffb500d0000 - 0x00007ffb5013b000 	C:\WINDOWS\system32\mswsock.dll
0x00007ffb3cc10000 - 0x00007ffb3cc26000 	C:\Program Files\Java\jdk-17.0.5\bin\nio.dll
0x00007ffb38de0000 - 0x00007ffb38df8000 	C:\Program Files\Java\jdk-17.0.5\bin\zip.dll
0x00007ffb35de0000 - 0x00007ffb35e04000 	C:\Users\USER\.m2\wrapper\dists\apache-maven-3.9.11\03d7e36a140982eea48e22c1dcac01d8862b2550b2939e09a0809bbc5182a5bc\lib\jansi-native\Windows\x86_64\jansi.dll
0x00007ffb48380000 - 0x00007ffb48390000 	C:\Program Files\Java\jdk-17.0.5\bin\verify.dll

dbghelp: loaded successfully - version: 4.0.5 - missing functions: none
symbol engine: initialized successfully - sym options: 0x614 - pdb path: .;C:\Program Files\Java\jdk-17.0.5\bin;C:\WINDOWS\SYSTEM32;C:\WINDOWS\WinSxS\amd64_microsoft.windows.common-controls_6595b64144ccf1df_6.0.26100.6899_none_3e0efeeae32e88c1;C:\Program Files\Java\jdk-17.0.5\bin\server;C:\Users\USER\.m2\wrapper\dists\apache-maven-3.9.11\03d7e36a140982eea48e22c1dcac01d8862b2550b2939e09a0809bbc5182a5bc\lib\jansi-native\Windows\x86_64

VM Arguments:
jvm_args: --enable-native-access=ALL-UNNAMED -Dclassworlds.conf=C:\Users\USER\.m2\wrapper\dists\apache-maven-3.9.11\03d7e36a140982eea48e22c1dcac01d8862b2550b2939e09a0809bbc5182a5bc\bin\m2.conf -Dmaven.home=C:\Users\USER\.m2\wrapper\dists\apache-maven-3.9.11\03d7e36a140982eea48e22c1dcac01d8862b2550b2939e09a0809bbc5182a5bc -Dlibrary.jansi.path=C:\Users\USER\.m2\wrapper\dists\apache-maven-3.9.11\03d7e36a140982eea48e22c1dcac01d8862b2550b2939e09a0809bbc5182a5bc\lib\jansi-native -Dmaven.multiModuleProjectDirectory=G:\GCCI Project\ChurchSoft_Backend 
java_command: org.codehaus.plexus.classworlds.launcher.Launcher clean package -DskipTests
java_class_path (initial): C:\Users\USER\.m2\wrapper\dists\apache-maven-3.9.11\03d7e36a140982eea48e22c1dcac01d8862b2550b2939e09a0809bbc5182a5bc\boot\plexus-classworlds-2.9.0.jar
Launcher Type: SUN_STANDARD

[Global flags]
     intx CICompilerCount                          = 4                                         {product} {ergonomic}
     uint ConcGCThreads                            = 2                                         {product} {ergonomic}
     uint G1ConcRefinementThreads                  = 8                                         {product} {ergonomic}
   size_t G1HeapRegionSize                         = 1048576                                   {product} {ergonomic}
    uintx GCDrainStackTargetSize                   = 64                                        {product} {ergonomic}
   size_t InitialHeapSize                          = 132120576                                 {product} {ergonomic}
   size_t MarkStackSize                            = 4194304                                   {product} {ergonomic}
   size_t MaxHeapSize                              = 2086666240                                {product} {ergonomic}
   size_t MaxNewSize                               = 1251999744                                {product} {ergonomic}
   size_t MinHeapDeltaBytes                        = 1048576                                   {product} {ergonomic}
   size_t MinHeapSize                              = 8388608                                   {product} {ergonomic}
    uintx NonNMethodCodeHeapSize                   = 5839372                                {pd product} {ergonomic}
    uintx NonProfiledCodeHeapSize                  = 122909434                              {pd product} {ergonomic}
    uintx ProfiledCodeHeapSize                     = 122909434                              {pd product} {ergonomic}
    uintx ReservedCodeCacheSize                    = 251658240                              {pd product} {ergonomic}
     bool SegmentedCodeCache                       = true                                      {product} {ergonomic}
   size_t SoftMaxHeapSize                          = 2086666240                             {manageable} {ergonomic}
     bool UseCompressedClassPointers               = true                           {product lp64_product} {ergonomic}
     bool UseCompressedOops                        = true                           {product lp64_product} {ergonomic}
     bool UseG1GC                                  = true                                      {product} {ergonomic}
     bool UseLargePagesIndividualAllocation        = false                                  {pd product} {ergonomic}

Logging:
Log output configuration:
 #0: stdout all=warning uptime,level,tags
 #1: stderr all=off uptime,level,tags

Environment Variables:
JAVA_HOME=C:\Program Files\Java\jdk-17.0.5
PATH=C:\Users\USER\AppData\Local\Programs\Python\Python311;C:\Users\USER\AppData\Local\Programs\Python\Python31\Scripts\;C:\Program Files\Java\jdk-17.0.5\bin;C:\Program Files\Common Files\Oracle\Java\javapath;C:\Program Files\Docker\Docker;C:\Program Files\PostgreSQL\17\bin;C:\Program Files\Git\cmd;C:\Program Files\Git\bin;C:\Program Files\dotnet\;C:\Program Files\Amazon\AWSCLIV2\;C:\Program Files\MongoDB\Server\4.4\bin;C:\Program Files\PostgreSQL\15\bin;C:\Windows\System32;C:\WINDOWS\system32;C:\WINDOWS;C:\WINDOWS\System32\Wbem;C:\WINDOWS\System32\WindowsPowerShell\v1.0\;C:\WINDOWS\System32\OpenSSH\;C:\Program Files\nodejs\;C:\Program Files\PowerShell\7\;C:\Program Files\Docker\Docker\resources\bin;C:\Program Files\Apache\Maven\apache-maven-3.9.9\bin;C:\Program Files\Java\jdk-17.0.5\bin;C:\Users\USER\AppData\Local\Programs\Python\Python311;C:\Users\USER\AppData\Local\Programs\Python\Python31\Scripts\;C:\Program Files\Java\jdk-17.0.5\bin;C:\Program Files\Common Files\Oracle\Java\javapath;C:\Program Files\Docker\Docker;C:\Program Files\PostgreSQL\17\bin;C:\Program Files\Git\cmd;C:\Program Files\Git\bin;C:\Program Files\dotnet\;C:\Program Files\Amazon\AWSCLIV2\;C:\Program Files\MongoDB\Server\4.4\bin;C:\Program Files\PostgreSQL\15\bin;C:\Windows\System32;C:\WINDOWS\system32;C:\WINDOWS;C:\WINDOWS\System32\Wbem;C:\WINDOWS\System32\WindowsPowerShell\v1.0\;C:\WINDOWS\System32\OpenSSH\;C:\Program Files\nodejs\;C:\Program Files\PowerShell\7\;C:\Program Files\Docker\Docker\resources\bin;C:\Program Files\Apache\Maven\apache-maven-3.9.9\bin;
USERNAME=USER
OS=Windows_NT
PROCESSOR_IDENTIFIER=Intel64 Family 6 Model 142 Stepping 12, GenuineIntel



---------------  S Y S T E M  ---------------

OS:
 Windows 11 , 64 bit Build 26100 (10.0.26100.6725)
OS uptime: 0 days 0:38 hours
Hyper-V role detected

CPU: total 8 (initial active 8) (4 cores per cpu, 2 threads per core) family 6 model 142 stepping 12 microcode 0xfc, cx8, cmov, fxsr, ht, mmx, 3dnowpref, sse, sse2, sse3, ssse3, sse4.1, sse4.2, popcnt, lzcnt, tsc, tscinvbit, avx, avx2, aes, erms, clmul, bmi1, bmi2, adx, fma, vzeroupper, clflush, clflushopt, hv

Memory: 4k page, system-wide physical 7952M (620M free)
TotalPageFile size 10000M (AvailPageFile size 12M)
current process WorkingSet (physical memory assigned to process): 367M, peak: 367M
current process commit charge ("private bytes"): 433M, peak: 435M

vm_info: Java HotSpot(TM) 64-Bit Server VM (17.0.5+9-LTS-191) for windows-amd64 JRE (17.0.5+9-LTS-191), built on Sep 13 2022 17:31:43 by "mach5one" with MS VC++ 16.8 / 16.9 (VS2019)

END.
